<?xml version="1.0" encoding="UTF-8"?>
<!-- Generated by org.testng.reporters.JUnitReportReporter -->
<testsuite hostname="LTIN518915" failures="0" tests="2" name="testScenarios.TC_0001_SearchBookshelve" time="3.366" errors="0" timestamp="2024-05-08T14:07:25 IST" skipped="0">
  <testcase classname="testScenarios.TC_0001_SearchBookshelve" name="sendInSearch" time="1.508"/>
  <testcase classname="testScenarios.TC_0001_SearchBookshelve" name="clicksearch" time="1.858"/>
</testsuite> <!-- testScenarios.TC_0001_SearchBookshelve -->
